25-11-2021 15:23:52.952 [Gauge] [DEBUG] Created gauge_screenshots_dir at /Users/haritha/IdeaProjects/GaugeDemo/.gauge/screenshots
25-11-2021 15:23:52.953 [Gauge] [DEBUG] Plugin java is already installed.
25-11-2021 15:23:52.953 [Gauge] [INFO] Compatible version of plugin html-report not found. Installing plugin html-report...
25-11-2021 15:23:52.953 [Gauge] [DEBUG] Gathering metadata for html-report
25-11-2021 15:23:52.954 [Gauge] [DEBUG] Downloading https://downloads.gauge.org/plugin/html-report?l=java&p=java&o=darwin&a=amd64
25-11-2021 15:23:53.504 [Gauge] [DEBUG] Downloading https://github.com/getgauge/html-report/releases/download/v4.1.2/html-report-4.1.2-darwin.x86_64.zip
25-11-2021 15:23:55.588 [Gauge] [DEBUG] Installing plugin html-report 4.1.2
25-11-2021 15:23:55.626 [Gauge] [INFO] Successfully installed plugin 'html-report' version 4.1.2
25-11-2021 15:23:55.626 [Gauge] [INFO] Installing required plugins.
25-11-2021 15:23:55.626 [Gauge] [DEBUG] Installing plugin 'screenshot'
25-11-2021 15:23:55.626 [Gauge] [DEBUG] Gathering metadata for screenshot
25-11-2021 15:23:55.626 [Gauge] [DEBUG] Downloading https://downloads.gauge.org/plugin/screenshot?l=java&p=html-report,java&o=darwin&a=amd64
25-11-2021 15:23:55.747 [Gauge] [DEBUG] Checking updates...
25-11-2021 15:23:55.748 [Gauge] [DEBUG] Downloading https://downloads.gauge.org/plugin/html-report?l=java&p=html-report,java&o=darwin&a=amd64
25-11-2021 15:23:55.761 [Gauge] [DEBUG] Downloading https://github.com/getgauge/gauge_screenshot/releases/download/v0.1.0/screenshot-0.1.0-darwin.x86_64.zip
25-11-2021 15:23:55.886 [Gauge] [DEBUG] Downloading https://downloads.gauge.org/plugin/java?l=java&p=html-report,java&o=darwin&a=amd64
25-11-2021 15:23:59.536 [Gauge] [DEBUG] Installing plugin screenshot 0.1.0
25-11-2021 15:23:59.541 [Gauge] [INFO] Successfully installed plugin 'screenshot' version 0.1.0
25-11-2021 15:23:59.542 [Gauge] [DEBUG] Parsing started.
25-11-2021 15:23:59.542 [Gauge] [DEBUG] Started concepts parsing.
25-11-2021 15:23:59.544 [Gauge] [DEBUG] 0 concepts parsing completed.
25-11-2021 15:23:59.544 [Gauge] [DEBUG] Started specifications parsing.
25-11-2021 15:23:59.544 [Gauge] [DEBUG] 1 specifications parsing completed.
25-11-2021 15:23:59.544 [Gauge] [DEBUG] Parsing completed.
25-11-2021 15:23:59.567 [java] [DEBUG] ***** Printing Properties/Env Values *****
25-11-2021 15:23:59.567 [java] [DEBUG] PATH: /usr/local/bin:/usr/bin:/bin:/usr/sbin:/sbin:/Users/haritha/Library/Java/JavaVirtualMachines/openjdk-17.0.1/Contents/Home/bin:/bin:/Users/haritha/.gauge/plugins/screenshot/0.1.0
25-11-2021 15:23:59.567 [java] [DEBUG] JAVA_HOME: /Users/haritha/Library/Java/JavaVirtualMachines/openjdk-17.0.1/Contents/Home
25-11-2021 15:23:59.567 [java] [DEBUG] gauge_project_root: 
25-11-2021 15:23:59.567 [java] [DEBUG] gauge_parallel_streams_count: 
25-11-2021 15:23:59.567 [java] [DEBUG] gauge_reports_dir: reports
25-11-2021 15:23:59.567 [java] [DEBUG] overwrite_reports: true
25-11-2021 15:23:59.567 [java] [DEBUG] logs_directory: logs
25-11-2021 15:23:59.567 [java] [DEBUG] enable_multithreading: false
25-11-2021 15:23:59.567 [java] [DEBUG] gauge_specs_dir: specs
25-11-2021 15:23:59.567 [java] [DEBUG] csv_delimiter: ,
25-11-2021 15:23:59.567 [java] [DEBUG] gauge_java_home: 
25-11-2021 15:23:59.567 [java] [DEBUG] gauge_custom_build_path: 
25-11-2021 15:23:59.567 [java] [DEBUG] gauge_additional_libs: libs/*
25-11-2021 15:23:59.567 [java] [DEBUG] gauge_jvm_args: 
25-11-2021 15:23:59.567 [java] [DEBUG] gauge_custom_compile_dir: 
25-11-2021 15:23:59.567 [java] [DEBUG] gauge_clear_state_level: scenario
25-11-2021 15:23:59.567 [java] [DEBUG] ***** END *****
25-11-2021 15:23:59.569 [java] [ERROR] exec: "mvn": executable file not found in $PATH
25-11-2021 15:23:59.569 [java] [ERROR] Installed version of gauge-java (0.7.15) does not match with dependency gauge-java () specified in pom.xml file
25-11-2021 15:23:59.569 [java] [DEBUG] classpath set to /Users/haritha/Library/Java/JavaVirtualMachines/openjdk-17.0.1/Contents/Home!/java.base:/Users/haritha/Library/Java/JavaVirtualMachines/openjdk-17.0.1/Contents/Home!/java.compiler:/Users/haritha/Library/Java/JavaVirtualMachines/openjdk-17.0.1/Contents/Home!/java.datatransfer:/Users/haritha/Library/Java/JavaVirtualMachines/openjdk-17.0.1/Contents/Home!/java.desktop:/Users/haritha/Library/Java/JavaVirtualMachines/openjdk-17.0.1/Contents/Home!/java.instrument:/Users/haritha/Library/Java/JavaVirtualMachines/openjdk-17.0.1/Contents/Home!/java.logging:/Users/haritha/Library/Java/JavaVirtualMachines/openjdk-17.0.1/Contents/Home!/java.management:/Users/haritha/Library/Java/JavaVirtualMachines/openjdk-17.0.1/Contents/Home!/java.management.rmi:/Users/haritha/Library/Java/JavaVirtualMachines/openjdk-17.0.1/Contents/Home!/java.naming:/Users/haritha/Library/Java/JavaVirtualMachines/openjdk-17.0.1/Contents/Home!/java.net.http:/Users/haritha/Library/Java/JavaVirtualMachines/openjdk-17.0.1/Contents/Home!/java.prefs:/Users/haritha/Library/Java/JavaVirtualMachines/openjdk-17.0.1/Contents/Home!/java.rmi:/Users/haritha/Library/Java/JavaVirtualMachines/openjdk-17.0.1/Contents/Home!/java.scripting:/Users/haritha/Library/Java/JavaVirtualMachines/openjdk-17.0.1/Contents/Home!/java.se:/Users/haritha/Library/Java/JavaVirtualMachines/openjdk-17.0.1/Contents/Home!/java.security.jgss:/Users/haritha/Library/Java/JavaVirtualMachines/openjdk-17.0.1/Contents/Home!/java.security.sasl:/Users/haritha/Library/Java/JavaVirtualMachines/openjdk-17.0.1/Contents/Home!/java.smartcardio:/Users/haritha/Library/Java/JavaVirtualMachines/openjdk-17.0.1/Contents/Home!/java.sql:/Users/haritha/Library/Java/JavaVirtualMachines/openjdk-17.0.1/Contents/Home!/java.sql.rowset:/Users/haritha/Library/Java/JavaVirtualMachines/openjdk-17.0.1/Contents/Home!/java.transaction.xa:/Users/haritha/Library/Java/JavaVirtualMachines/openjdk-17.0.1/Contents/Home!/java.xml:/Users/haritha/Library/Java/JavaVirtualMachines/openjdk-17.0.1/Contents/Home!/java.xml.crypto:/Users/haritha/Library/Java/JavaVirtualMachines/openjdk-17.0.1/Contents/Home!/jdk.accessibility:/Users/haritha/Library/Java/JavaVirtualMachines/openjdk-17.0.1/Contents/Home!/jdk.attach:/Users/haritha/Library/Java/JavaVirtualMachines/openjdk-17.0.1/Contents/Home!/jdk.charsets:/Users/haritha/Library/Java/JavaVirtualMachines/openjdk-17.0.1/Contents/Home!/jdk.compiler:/Users/haritha/Library/Java/JavaVirtualMachines/openjdk-17.0.1/Contents/Home!/jdk.crypto.cryptoki:/Users/haritha/Library/Java/JavaVirtualMachines/openjdk-17.0.1/Contents/Home!/jdk.crypto.ec:/Users/haritha/Library/Java/JavaVirtualMachines/openjdk-17.0.1/Contents/Home!/jdk.dynalink:/Users/haritha/Library/Java/JavaVirtualMachines/openjdk-17.0.1/Contents/Home!/jdk.editpad:/Users/haritha/Library/Java/JavaVirtualMachines/openjdk-17.0.1/Contents/Home!/jdk.hotspot.agent:/Users/haritha/Library/Java/JavaVirtualMachines/openjdk-17.0.1/Contents/Home!/jdk.httpserver:/Users/haritha/Library/Java/JavaVirtualMachines/openjdk-17.0.1/Contents/Home!/jdk.incubator.foreign:/Users/haritha/Library/Java/JavaVirtualMachines/openjdk-17.0.1/Contents/Home!/jdk.incubator.vector:/Users/haritha/Library/Java/JavaVirtualMachines/openjdk-17.0.1/Contents/Home!/jdk.internal.ed:/Users/haritha/Library/Java/JavaVirtualMachines/openjdk-17.0.1/Contents/Home!/jdk.internal.jvmstat:/Users/haritha/Library/Java/JavaVirtualMachines/openjdk-17.0.1/Contents/Home!/jdk.internal.le:/Users/haritha/Library/Java/JavaVirtualMachines/openjdk-17.0.1/Contents/Home!/jdk.internal.opt:/Users/haritha/Library/Java/JavaVirtualMachines/openjdk-17.0.1/Contents/Home!/jdk.internal.vm.ci:/Users/haritha/Library/Java/JavaVirtualMachines/openjdk-17.0.1/Contents/Home!/jdk.internal.vm.compiler:/Users/haritha/Library/Java/JavaVirtualMachines/openjdk-17.0.1/Contents/Home!/jdk.internal.vm.compiler.management:/Users/haritha/Library/Java/JavaVirtualMachines/openjdk-17.0.1/Contents/Home!/jdk.jartool:/Users/haritha/Library/Java/JavaVirtualMachines/openjdk-17.0.1/Contents/Home!/jdk.javadoc:/Users/haritha/Library/Java/JavaVirtualMachines/openjdk-17.0.1/Contents/Home!/jdk.jcmd:/Users/haritha/Library/Java/JavaVirtualMachines/openjdk-17.0.1/Contents/Home!/jdk.jconsole:/Users/haritha/Library/Java/JavaVirtualMachines/openjdk-17.0.1/Contents/Home!/jdk.jdeps:/Users/haritha/Library/Java/JavaVirtualMachines/openjdk-17.0.1/Contents/Home!/jdk.jdi:/Users/haritha/Library/Java/JavaVirtualMachines/openjdk-17.0.1/Contents/Home!/jdk.jdwp.agent:/Users/haritha/Library/Java/JavaVirtualMachines/openjdk-17.0.1/Contents/Home!/jdk.jfr:/Users/haritha/Library/Java/JavaVirtualMachines/openjdk-17.0.1/Contents/Home!/jdk.jlink:/Users/haritha/Library/Java/JavaVirtualMachines/openjdk-17.0.1/Contents/Home!/jdk.jpackage:/Users/haritha/Library/Java/JavaVirtualMachines/openjdk-17.0.1/Contents/Home!/jdk.jshell:/Users/haritha/Library/Java/JavaVirtualMachines/openjdk-17.0.1/Contents/Home!/jdk.jsobject:/Users/haritha/Library/Java/JavaVirtualMachines/openjdk-17.0.1/Contents/Home!/jdk.jstatd:/Users/haritha/Library/Java/JavaVirtualMachines/openjdk-17.0.1/Contents/Home!/jdk.localedata:/Users/haritha/Library/Java/JavaVirtualMachines/openjdk-17.0.1/Contents/Home!/jdk.management:/Users/haritha/Library/Java/JavaVirtualMachines/openjdk-17.0.1/Contents/Home!/jdk.management.agent:/Users/haritha/Library/Java/JavaVirtualMachines/openjdk-17.0.1/Contents/Home!/jdk.management.jfr:/Users/haritha/Library/Java/JavaVirtualMachines/openjdk-17.0.1/Contents/Home!/jdk.naming.dns:/Users/haritha/Library/Java/JavaVirtualMachines/openjdk-17.0.1/Contents/Home!/jdk.naming.rmi:/Users/haritha/Library/Java/JavaVirtualMachines/openjdk-17.0.1/Contents/Home!/jdk.net:/Users/haritha/Library/Java/JavaVirtualMachines/openjdk-17.0.1/Contents/Home!/jdk.nio.mapmode:/Users/haritha/Library/Java/JavaVirtualMachines/openjdk-17.0.1/Contents/Home!/jdk.random:/Users/haritha/Library/Java/JavaVirtualMachines/openjdk-17.0.1/Contents/Home!/jdk.sctp:/Users/haritha/Library/Java/JavaVirtualMachines/openjdk-17.0.1/Contents/Home!/jdk.security.auth:/Users/haritha/Library/Java/JavaVirtualMachines/openjdk-17.0.1/Contents/Home!/jdk.security.jgss:/Users/haritha/Library/Java/JavaVirtualMachines/openjdk-17.0.1/Contents/Home!/jdk.unsupported:/Users/haritha/Library/Java/JavaVirtualMachines/openjdk-17.0.1/Contents/Home!/jdk.unsupported.desktop:/Users/haritha/Library/Java/JavaVirtualMachines/openjdk-17.0.1/Contents/Home!/jdk.xml.dom:/Users/haritha/Library/Java/JavaVirtualMachines/openjdk-17.0.1/Contents/Home!/jdk.zipfs:/Users/haritha/IdeaProjects/GaugeDemo/target/test-classes:/Users/haritha/.m2/repository/com/thoughtworks/gauge/gauge-java/0.7.15/gauge-java-0.7.15.jar:/Users/haritha/.m2/repository/com/github/javaparser/javaparser-core/3.16.3/javaparser-core-3.16.3.jar:/Users/haritha/.m2/repository/commons-io/commons-io/2.8.0/commons-io-2.8.0.jar:/Users/haritha/.m2/repository/commons-lang/commons-lang/2.6/commons-lang-2.6.jar:/Users/haritha/.m2/repository/org/json/json/20210307/json-20210307.jar:/Users/haritha/.m2/repository/com/google/protobuf/protobuf-java/3.15.8/protobuf-java-3.15.8.jar:/Users/haritha/.m2/repository/com/google/guava/guava/30.1.1-jre/guava-30.1.1-jre.jar:/Users/haritha/.m2/repository/com/google/guava/failureaccess/1.0.1/failureaccess-1.0.1.jar:/Users/haritha/.m2/repository/com/google/guava/listenablefuture/9999.0-empty-to-avoid-conflict-with-guava/listenablefuture-9999.0-empty-to-avoid-conflict-with-guava.jar:/Users/haritha/.m2/repository/com/google/code/findbugs/jsr305/3.0.2/jsr305-3.0.2.jar:/Users/haritha/.m2/repository/org/checkerframework/checker-qual/3.8.0/checker-qual-3.8.0.jar:/Users/haritha/.m2/repository/com/google/errorprone/error_prone_annotations/2.5.1/error_prone_annotations-2.5.1.jar:/Users/haritha/.m2/repository/com/google/j2objc/j2objc-annotations/1.3/j2objc-annotations-1.3.jar:/Users/haritha/.m2/repository/io/grpc/grpc-netty-shaded/1.37.0/grpc-netty-shaded-1.37.0.jar:/Users/haritha/.m2/repository/io/grpc/grpc-core/1.37.0/grpc-core-1.37.0.jar:/Users/haritha/.m2/repository/com/google/android/annotations/4.1.1.4/annotations-4.1.1.4.jar:/Users/haritha/.m2/repository/io/perfmark/perfmark-api/0.23.0/perfmark-api-0.23.0.jar:/Users/haritha/.m2/repository/io/grpc/grpc-protobuf/1.37.0/grpc-protobuf-1.37.0.jar:/Users/haritha/.m2/repository/io/grpc/grpc-api/1.37.0/grpc-api-1.37.0.jar:/Users/haritha/.m2/repository/io/grpc/grpc-context/1.37.0/grpc-context-1.37.0.jar:/Users/haritha/.m2/repository/com/google/api/grpc/proto-google-common-protos/2.0.1/proto-google-common-protos-2.0.1.jar:/Users/haritha/.m2/repository/io/grpc/grpc-protobuf-lite/1.37.0/grpc-protobuf-lite-1.37.0.jar:/Users/haritha/.m2/repository/org/codehaus/mojo/animal-sniffer-annotations/1.19/animal-sniffer-annotations-1.19.jar:/Users/haritha/.m2/repository/io/grpc/grpc-stub/1.37.0/grpc-stub-1.37.0.jar:/Users/haritha/.m2/repository/javax/annotation/javax.annotation-api/1.3.2/javax.annotation-api-1.3.2.jar:/Users/haritha/.m2/repository/org/assertj/assertj-core/3.10.0/assertj-core-3.10.0.jar:/Users/haritha/.m2/repository/org/seleniumhq/selenium/selenium-java/3.12.0/selenium-java-3.12.0.jar:/Users/haritha/.m2/repository/org/seleniumhq/selenium/selenium-api/3.12.0/selenium-api-3.12.0.jar:/Users/haritha/.m2/repository/org/seleniumhq/selenium/selenium-chrome-driver/3.12.0/selenium-chrome-driver-3.12.0.jar:/Users/haritha/.m2/repository/org/seleniumhq/selenium/selenium-edge-driver/3.12.0/selenium-edge-driver-3.12.0.jar:/Users/haritha/.m2/repository/org/seleniumhq/selenium/selenium-firefox-driver/3.12.0/selenium-firefox-driver-3.12.0.jar:/Users/haritha/.m2/repository/org/seleniumhq/selenium/selenium-ie-driver/3.12.0/selenium-ie-driver-3.12.0.jar:/Users/haritha/.m2/repository/org/seleniumhq/selenium/selenium-opera-driver/3.12.0/selenium-opera-driver-3.12.0.jar:/Users/haritha/.m2/repository/org/seleniumhq/selenium/selenium-remote-driver/3.12.0/selenium-remote-driver-3.12.0.jar:/Users/haritha/.m2/repository/org/seleniumhq/selenium/selenium-safari-driver/3.12.0/selenium-safari-driver-3.12.0.jar:/Users/haritha/.m2/repository/org/seleniumhq/selenium/selenium-support/3.12.0/selenium-support-3.12.0.jar:/Users/haritha/.m2/repository/net/bytebuddy/byte-buddy/1.8.3/byte-buddy-1.8.3.jar:/Users/haritha/.m2/repository/org/apache/commons/commons-exec/1.3/commons-exec-1.3.jar:/Users/haritha/.m2/repository/commons-codec/commons-codec/1.10/commons-codec-1.10.jar:/Users/haritha/.m2/repository/commons-logging/commons-logging/1.2/commons-logging-1.2.jar:/Users/haritha/.m2/repository/com/google/code/gson/gson/2.8.2/gson-2.8.2.jar:/Users/haritha/.m2/repository/org/apache/httpcomponents/httpclient/4.5.3/httpclient-4.5.3.jar:/Users/haritha/.m2/repository/org/apache/httpcomponents/httpcore/4.4.6/httpcore-4.4.6.jar:/Users/haritha/.m2/repository/com/squareup/okhttp3/okhttp/3.9.1/okhttp-3.9.1.jar:/Users/haritha/.m2/repository/com/squareup/okio/okio/1.13.0/okio-1.13.0.jar:/Users/haritha/.m2/repository/io/github/bonigarcia/webdrivermanager/3.7.1/webdrivermanager-3.7.1.jar:/Users/haritha/.m2/repository/org/slf4j/slf4j-api/1.7.25/slf4j-api-1.7.25.jar:/Users/haritha/.m2/repository/org/apache/commons/commons-lang3/3.8.1/commons-lang3-3.8.1.jar:/Users/haritha/.m2/repository/org/rauschig/jarchivelib/1.0.0/jarchivelib-1.0.0.jar:/Users/haritha/.m2/repository/org/apache/commons/commons-compress/1.18/commons-compress-1.18.jar:/Users/haritha/.m2/repository/org/jsoup/jsoup/1.11.3/jsoup-1.11.3.jar:/Users/haritha/.m2/repository/org/reflections/reflections/0.9.10/reflections-0.9.10.jar:/Users/haritha/.m2/repository/org/javassist/javassist/3.19.0-GA/javassist-3.19.0-GA.jar:/Users/haritha/.m2/repository/com/google/code/findbugs/annotations/2.0.1/annotations-2.0.1.jar
25-11-2021 15:23:59.576 [java] [DEBUG] found java executable in /Users/haritha/Library/Java/JavaVirtualMachines/openjdk-17.0.1/Contents/Home/bin/java
25-11-2021 15:23:59.576 [java] [DEBUG] running - /Users/haritha/Library/Java/JavaVirtualMachines/openjdk-17.0.1/Contents/Home/bin/java [-Dfile.encoding=UTF-8 com.thoughtworks.gauge.GaugeRuntime --start]
25-11-2021 15:23:59.576 [java] [DEBUG] stdout/stderr is logged to logs/50721-java.out
25-11-2021 15:23:59.677 [java] [DEBUG] multithreading is set to false
25-11-2021 15:23:59.976 [java] [DEBUG] Using reflection to scan dependencies for gauge implementations...
25-11-2021 15:24:00.027 [java] [ERROR] SLF4J: Failed to load class "org.slf4j.impl.StaticLoggerBinder".
25-11-2021 15:24:00.028 [java] [ERROR] SLF4J: Defaulting to no-operation (NOP) logger implementation
25-11-2021 15:24:00.028 [java] [ERROR] SLF4J: See http://www.slf4j.org/codes.html#StaticLoggerBinder for further details.
25-11-2021 15:24:00.206 [java] [DEBUG] gauge-java took 527milliseconds to load and scan. This should be less than 'runner_connection_timeout' config value.
25-11-2021 15:24:00.206 [java] [DEBUG] run 'gauge config runner_connection_timeout' and verify that it is < 527
25-11-2021 15:24:00.206 [java] [DEBUG] starting gRPC server...
25-11-2021 15:24:00.379 [java] [DEBUG] started gRPC server on port 57890
25-11-2021 15:24:00.379 [Gauge] [DEBUG] Attempting to connect to grpc server at port: 57890
25-11-2021 15:24:00.484 [Gauge] [DEBUG] Successfully made the connection with runner with port: 57890
25-11-2021 15:24:00.484 [Gauge] [DEBUG] Validation started.
25-11-2021 15:24:01.441 [java] [DEBUG] Scanning packages for steps
25-11-2021 15:24:01.450 [java] [DEBUG] Comparing 'org.example.StepImplementation.ensureInstallationInstructionsAreAvailable' and 'org.example.StepImplementation.ensureInstallationInstructionsAreAvailable'
25-11-2021 15:24:01.450 [java] [DEBUG] Found Ensure installation instructions are available in current project scope.
25-11-2021 15:24:01.450 [java] [DEBUG] Comparing 'org.example.StepImplementation.gotoGetStartedPage' and 'org.example.StepImplementation.gotoGetStartedPage'
25-11-2021 15:24:01.450 [java] [DEBUG] Found Go to Gauge Get Started Page in current project scope.
25-11-2021 15:24:01.451 [java] [DEBUG] Comparing 'org.example.StepImplementation.implementation1' and 'org.example.StepImplementation.implementation1'
25-11-2021 15:24:01.451 [java] [DEBUG] Found Open the Gauge homepage in current project scope.
25-11-2021 15:24:01.451 [java] [DEBUG] Scanning packages for hooks
25-11-2021 15:24:01.454 [java] [DEBUG] Scanned steps (using static parsing + reflections): 
25-11-2021 15:24:01.454 [java] [DEBUG] 	Open the Gauge homepage : public void implementation1()
25-11-2021 15:24:01.454 [java] [DEBUG] 	Go to Gauge Get Started Page : public void gotoGetStartedPage() throws InterruptedException
25-11-2021 15:24:01.454 [java] [DEBUG] 	Ensure installation instructions are available : public void ensureInstallationInstructionsAreAvailable() throws InterruptedException
25-11-2021 15:24:02.416 [Gauge] [DEBUG] Validation completed.
25-11-2021 15:24:02.418 [Gauge] [DEBUG] Run started
25-11-2021 15:24:02.419 [Gauge] [DEBUG] Starting Html Report plugin
25-11-2021 15:24:02.729 [Gauge] [DEBUG] Attempting to connect to grpc server at port: 57895
25-11-2021 15:24:02.752 [Gauge] [DEBUG] Successfully made the connection with plugin with port: 57895
25-11-2021 15:24:02.752 [Gauge] [DEBUG] Initialising suite data store.
25-11-2021 15:24:05.377 [java] [ERROR] Starting ChromeDriver 96.0.4664.45 (76e4c1bb2ab4671b8beba3444e61c0f17584b2fc-refs/branch-heads/4664@{#947}) on port 29879
25-11-2021 15:24:05.377 [java] [ERROR] Only local connections are allowed.
25-11-2021 15:24:05.377 [java] [ERROR] Please see https://chromedriver.chromium.org/security-considerations for suggestions on keeping ChromeDriver safe.
25-11-2021 15:24:05.380 [java] [ERROR] ChromeDriver was started successfully.
25-11-2021 15:24:06.799 [java] [ERROR] Nov 25, 2021 3:24:06 PM org.openqa.selenium.remote.ProtocolHandshake createSession
25-11-2021 15:24:06.799 [java] [ERROR] INFO: Detected dialect: W3C
25-11-2021 15:24:06.868 [java] [DEBUG] Executing 'Open the Gauge homepage' using 'class org.example.StepImplementation.implementation1
25-11-2021 15:24:07.938 [java] [DEBUG] Executing 'Go to Gauge Get Started Page' using 'class org.example.StepImplementation.gotoGetStartedPage
25-11-2021 15:24:09.020 [java] [DEBUG] Executing 'Ensure installation instructions are available' using 'class org.example.StepImplementation.ensureInstallationInstructionsAreAvailable
25-11-2021 15:24:09.147 [html-report] [DEBUG] Transformed SuiteResult to report structure
25-11-2021 15:24:09.219 [html-report] [INFO] Successfully generated html-report to => /Users/haritha/IdeaProjects/GaugeDemo/reports/html-report/index.html
25-11-2021 15:24:09.219 [html-report] [DEBUG] Done generating HTML report using theme from /Users/haritha/.gauge/plugins/html-report/4.1.2/themes/default
25-11-2021 15:24:09.219 [Gauge] [DEBUG] Sending kill message to Html Report plugin.
25-11-2021 15:24:09.222 [java] [DEBUG] Killing Java runner...
25-11-2021 15:24:09.223 [java] [DEBUG] Stopping execution pool...
25-11-2021 15:24:09.223 [java] [DEBUG] Shutting down grpc server...
25-11-2021 15:24:09.228 [java] [DEBUG] Runner killed gracefully.
25-11-2021 15:24:09.631 [Gauge] [DEBUG] Runner with PID:50721 has exited
25-11-2021 15:24:09.632 [Gauge] [INFO] Specifications:	1 executed	1 passed	0 failed	0 skipped
25-11-2021 15:24:09.632 [Gauge] [INFO] Scenarios:	1 executed	1 passed	0 failed	0 skipped
25-11-2021 15:24:09.632 [Gauge] [INFO] 
Total time taken: 6.726s
25-11-2021 16:27:43.304 [Gauge] [DEBUG] Created gauge_screenshots_dir at /Users/haritha/IdeaProjects/GaugeDemo/.gauge/screenshots
25-11-2021 16:27:43.305 [Gauge] [DEBUG] Plugin java is already installed.
25-11-2021 16:27:43.306 [Gauge] [DEBUG] Plugin html-report is already installed.
25-11-2021 16:27:43.306 [Gauge] [DEBUG] Parsing started.
25-11-2021 16:27:43.306 [Gauge] [DEBUG] Started concepts parsing.
25-11-2021 16:27:43.307 [Gauge] [DEBUG] 0 concepts parsing completed.
25-11-2021 16:27:43.308 [Gauge] [DEBUG] Started specifications parsing.
25-11-2021 16:27:43.308 [Gauge] [DEBUG] 1 specifications parsing completed.
25-11-2021 16:27:43.308 [Gauge] [DEBUG] Parsing completed.
25-11-2021 16:27:43.320 [java] [DEBUG] ***** Printing Properties/Env Values *****
25-11-2021 16:27:43.320 [java] [DEBUG] PATH: /usr/local/bin:/usr/bin:/bin:/usr/sbin:/sbin:/Users/haritha/Library/Java/JavaVirtualMachines/openjdk-17.0.1/Contents/Home/bin:/bin:/Users/haritha/.gauge/plugins/screenshot/0.1.0
25-11-2021 16:27:43.320 [java] [DEBUG] JAVA_HOME: /Users/haritha/Library/Java/JavaVirtualMachines/openjdk-17.0.1/Contents/Home
25-11-2021 16:27:43.320 [java] [DEBUG] gauge_project_root: 
25-11-2021 16:27:43.320 [java] [DEBUG] gauge_parallel_streams_count: 
25-11-2021 16:27:43.320 [java] [DEBUG] gauge_reports_dir: reports
25-11-2021 16:27:43.320 [java] [DEBUG] overwrite_reports: true
25-11-2021 16:27:43.320 [java] [DEBUG] logs_directory: logs
25-11-2021 16:27:43.321 [java] [DEBUG] enable_multithreading: false
25-11-2021 16:27:43.321 [java] [DEBUG] gauge_specs_dir: specs
25-11-2021 16:27:43.321 [java] [DEBUG] csv_delimiter: ,
25-11-2021 16:27:43.321 [java] [DEBUG] gauge_java_home: 
25-11-2021 16:27:43.321 [java] [DEBUG] gauge_custom_build_path: 
25-11-2021 16:27:43.321 [java] [DEBUG] gauge_additional_libs: libs/*
25-11-2021 16:27:43.321 [java] [DEBUG] gauge_jvm_args: 
25-11-2021 16:27:43.321 [java] [DEBUG] gauge_custom_compile_dir: 
25-11-2021 16:27:43.321 [java] [DEBUG] gauge_clear_state_level: scenario
25-11-2021 16:27:43.321 [java] [DEBUG] ***** END *****
25-11-2021 16:27:43.321 [java] [ERROR] exec: "mvn": executable file not found in $PATH
25-11-2021 16:27:43.321 [java] [ERROR] Installed version of gauge-java (0.7.15) does not match with dependency gauge-java () specified in pom.xml file
25-11-2021 16:27:43.321 [java] [DEBUG] classpath set to /Users/haritha/Library/Java/JavaVirtualMachines/openjdk-17.0.1/Contents/Home!/java.base:/Users/haritha/Library/Java/JavaVirtualMachines/openjdk-17.0.1/Contents/Home!/java.compiler:/Users/haritha/Library/Java/JavaVirtualMachines/openjdk-17.0.1/Contents/Home!/java.datatransfer:/Users/haritha/Library/Java/JavaVirtualMachines/openjdk-17.0.1/Contents/Home!/java.desktop:/Users/haritha/Library/Java/JavaVirtualMachines/openjdk-17.0.1/Contents/Home!/java.instrument:/Users/haritha/Library/Java/JavaVirtualMachines/openjdk-17.0.1/Contents/Home!/java.logging:/Users/haritha/Library/Java/JavaVirtualMachines/openjdk-17.0.1/Contents/Home!/java.management:/Users/haritha/Library/Java/JavaVirtualMachines/openjdk-17.0.1/Contents/Home!/java.management.rmi:/Users/haritha/Library/Java/JavaVirtualMachines/openjdk-17.0.1/Contents/Home!/java.naming:/Users/haritha/Library/Java/JavaVirtualMachines/openjdk-17.0.1/Contents/Home!/java.net.http:/Users/haritha/Library/Java/JavaVirtualMachines/openjdk-17.0.1/Contents/Home!/java.prefs:/Users/haritha/Library/Java/JavaVirtualMachines/openjdk-17.0.1/Contents/Home!/java.rmi:/Users/haritha/Library/Java/JavaVirtualMachines/openjdk-17.0.1/Contents/Home!/java.scripting:/Users/haritha/Library/Java/JavaVirtualMachines/openjdk-17.0.1/Contents/Home!/java.se:/Users/haritha/Library/Java/JavaVirtualMachines/openjdk-17.0.1/Contents/Home!/java.security.jgss:/Users/haritha/Library/Java/JavaVirtualMachines/openjdk-17.0.1/Contents/Home!/java.security.sasl:/Users/haritha/Library/Java/JavaVirtualMachines/openjdk-17.0.1/Contents/Home!/java.smartcardio:/Users/haritha/Library/Java/JavaVirtualMachines/openjdk-17.0.1/Contents/Home!/java.sql:/Users/haritha/Library/Java/JavaVirtualMachines/openjdk-17.0.1/Contents/Home!/java.sql.rowset:/Users/haritha/Library/Java/JavaVirtualMachines/openjdk-17.0.1/Contents/Home!/java.transaction.xa:/Users/haritha/Library/Java/JavaVirtualMachines/openjdk-17.0.1/Contents/Home!/java.xml:/Users/haritha/Library/Java/JavaVirtualMachines/openjdk-17.0.1/Contents/Home!/java.xml.crypto:/Users/haritha/Library/Java/JavaVirtualMachines/openjdk-17.0.1/Contents/Home!/jdk.accessibility:/Users/haritha/Library/Java/JavaVirtualMachines/openjdk-17.0.1/Contents/Home!/jdk.attach:/Users/haritha/Library/Java/JavaVirtualMachines/openjdk-17.0.1/Contents/Home!/jdk.charsets:/Users/haritha/Library/Java/JavaVirtualMachines/openjdk-17.0.1/Contents/Home!/jdk.compiler:/Users/haritha/Library/Java/JavaVirtualMachines/openjdk-17.0.1/Contents/Home!/jdk.crypto.cryptoki:/Users/haritha/Library/Java/JavaVirtualMachines/openjdk-17.0.1/Contents/Home!/jdk.crypto.ec:/Users/haritha/Library/Java/JavaVirtualMachines/openjdk-17.0.1/Contents/Home!/jdk.dynalink:/Users/haritha/Library/Java/JavaVirtualMachines/openjdk-17.0.1/Contents/Home!/jdk.editpad:/Users/haritha/Library/Java/JavaVirtualMachines/openjdk-17.0.1/Contents/Home!/jdk.hotspot.agent:/Users/haritha/Library/Java/JavaVirtualMachines/openjdk-17.0.1/Contents/Home!/jdk.httpserver:/Users/haritha/Library/Java/JavaVirtualMachines/openjdk-17.0.1/Contents/Home!/jdk.incubator.foreign:/Users/haritha/Library/Java/JavaVirtualMachines/openjdk-17.0.1/Contents/Home!/jdk.incubator.vector:/Users/haritha/Library/Java/JavaVirtualMachines/openjdk-17.0.1/Contents/Home!/jdk.internal.ed:/Users/haritha/Library/Java/JavaVirtualMachines/openjdk-17.0.1/Contents/Home!/jdk.internal.jvmstat:/Users/haritha/Library/Java/JavaVirtualMachines/openjdk-17.0.1/Contents/Home!/jdk.internal.le:/Users/haritha/Library/Java/JavaVirtualMachines/openjdk-17.0.1/Contents/Home!/jdk.internal.opt:/Users/haritha/Library/Java/JavaVirtualMachines/openjdk-17.0.1/Contents/Home!/jdk.internal.vm.ci:/Users/haritha/Library/Java/JavaVirtualMachines/openjdk-17.0.1/Contents/Home!/jdk.internal.vm.compiler:/Users/haritha/Library/Java/JavaVirtualMachines/openjdk-17.0.1/Contents/Home!/jdk.internal.vm.compiler.management:/Users/haritha/Library/Java/JavaVirtualMachines/openjdk-17.0.1/Contents/Home!/jdk.jartool:/Users/haritha/Library/Java/JavaVirtualMachines/openjdk-17.0.1/Contents/Home!/jdk.javadoc:/Users/haritha/Library/Java/JavaVirtualMachines/openjdk-17.0.1/Contents/Home!/jdk.jcmd:/Users/haritha/Library/Java/JavaVirtualMachines/openjdk-17.0.1/Contents/Home!/jdk.jconsole:/Users/haritha/Library/Java/JavaVirtualMachines/openjdk-17.0.1/Contents/Home!/jdk.jdeps:/Users/haritha/Library/Java/JavaVirtualMachines/openjdk-17.0.1/Contents/Home!/jdk.jdi:/Users/haritha/Library/Java/JavaVirtualMachines/openjdk-17.0.1/Contents/Home!/jdk.jdwp.agent:/Users/haritha/Library/Java/JavaVirtualMachines/openjdk-17.0.1/Contents/Home!/jdk.jfr:/Users/haritha/Library/Java/JavaVirtualMachines/openjdk-17.0.1/Contents/Home!/jdk.jlink:/Users/haritha/Library/Java/JavaVirtualMachines/openjdk-17.0.1/Contents/Home!/jdk.jpackage:/Users/haritha/Library/Java/JavaVirtualMachines/openjdk-17.0.1/Contents/Home!/jdk.jshell:/Users/haritha/Library/Java/JavaVirtualMachines/openjdk-17.0.1/Contents/Home!/jdk.jsobject:/Users/haritha/Library/Java/JavaVirtualMachines/openjdk-17.0.1/Contents/Home!/jdk.jstatd:/Users/haritha/Library/Java/JavaVirtualMachines/openjdk-17.0.1/Contents/Home!/jdk.localedata:/Users/haritha/Library/Java/JavaVirtualMachines/openjdk-17.0.1/Contents/Home!/jdk.management:/Users/haritha/Library/Java/JavaVirtualMachines/openjdk-17.0.1/Contents/Home!/jdk.management.agent:/Users/haritha/Library/Java/JavaVirtualMachines/openjdk-17.0.1/Contents/Home!/jdk.management.jfr:/Users/haritha/Library/Java/JavaVirtualMachines/openjdk-17.0.1/Contents/Home!/jdk.naming.dns:/Users/haritha/Library/Java/JavaVirtualMachines/openjdk-17.0.1/Contents/Home!/jdk.naming.rmi:/Users/haritha/Library/Java/JavaVirtualMachines/openjdk-17.0.1/Contents/Home!/jdk.net:/Users/haritha/Library/Java/JavaVirtualMachines/openjdk-17.0.1/Contents/Home!/jdk.nio.mapmode:/Users/haritha/Library/Java/JavaVirtualMachines/openjdk-17.0.1/Contents/Home!/jdk.random:/Users/haritha/Library/Java/JavaVirtualMachines/openjdk-17.0.1/Contents/Home!/jdk.sctp:/Users/haritha/Library/Java/JavaVirtualMachines/openjdk-17.0.1/Contents/Home!/jdk.security.auth:/Users/haritha/Library/Java/JavaVirtualMachines/openjdk-17.0.1/Contents/Home!/jdk.security.jgss:/Users/haritha/Library/Java/JavaVirtualMachines/openjdk-17.0.1/Contents/Home!/jdk.unsupported:/Users/haritha/Library/Java/JavaVirtualMachines/openjdk-17.0.1/Contents/Home!/jdk.unsupported.desktop:/Users/haritha/Library/Java/JavaVirtualMachines/openjdk-17.0.1/Contents/Home!/jdk.xml.dom:/Users/haritha/Library/Java/JavaVirtualMachines/openjdk-17.0.1/Contents/Home!/jdk.zipfs:/Users/haritha/IdeaProjects/GaugeDemo/target/test-classes:/Users/haritha/.m2/repository/com/thoughtworks/gauge/gauge-java/0.7.15/gauge-java-0.7.15.jar:/Users/haritha/.m2/repository/com/github/javaparser/javaparser-core/3.16.3/javaparser-core-3.16.3.jar:/Users/haritha/.m2/repository/commons-io/commons-io/2.8.0/commons-io-2.8.0.jar:/Users/haritha/.m2/repository/commons-lang/commons-lang/2.6/commons-lang-2.6.jar:/Users/haritha/.m2/repository/org/json/json/20210307/json-20210307.jar:/Users/haritha/.m2/repository/com/google/protobuf/protobuf-java/3.15.8/protobuf-java-3.15.8.jar:/Users/haritha/.m2/repository/com/google/guava/guava/30.1.1-jre/guava-30.1.1-jre.jar:/Users/haritha/.m2/repository/com/google/guava/failureaccess/1.0.1/failureaccess-1.0.1.jar:/Users/haritha/.m2/repository/com/google/guava/listenablefuture/9999.0-empty-to-avoid-conflict-with-guava/listenablefuture-9999.0-empty-to-avoid-conflict-with-guava.jar:/Users/haritha/.m2/repository/com/google/code/findbugs/jsr305/3.0.2/jsr305-3.0.2.jar:/Users/haritha/.m2/repository/org/checkerframework/checker-qual/3.8.0/checker-qual-3.8.0.jar:/Users/haritha/.m2/repository/com/google/errorprone/error_prone_annotations/2.5.1/error_prone_annotations-2.5.1.jar:/Users/haritha/.m2/repository/com/google/j2objc/j2objc-annotations/1.3/j2objc-annotations-1.3.jar:/Users/haritha/.m2/repository/io/grpc/grpc-netty-shaded/1.37.0/grpc-netty-shaded-1.37.0.jar:/Users/haritha/.m2/repository/io/grpc/grpc-core/1.37.0/grpc-core-1.37.0.jar:/Users/haritha/.m2/repository/com/google/android/annotations/4.1.1.4/annotations-4.1.1.4.jar:/Users/haritha/.m2/repository/io/perfmark/perfmark-api/0.23.0/perfmark-api-0.23.0.jar:/Users/haritha/.m2/repository/io/grpc/grpc-protobuf/1.37.0/grpc-protobuf-1.37.0.jar:/Users/haritha/.m2/repository/io/grpc/grpc-api/1.37.0/grpc-api-1.37.0.jar:/Users/haritha/.m2/repository/io/grpc/grpc-context/1.37.0/grpc-context-1.37.0.jar:/Users/haritha/.m2/repository/com/google/api/grpc/proto-google-common-protos/2.0.1/proto-google-common-protos-2.0.1.jar:/Users/haritha/.m2/repository/io/grpc/grpc-protobuf-lite/1.37.0/grpc-protobuf-lite-1.37.0.jar:/Users/haritha/.m2/repository/org/codehaus/mojo/animal-sniffer-annotations/1.19/animal-sniffer-annotations-1.19.jar:/Users/haritha/.m2/repository/io/grpc/grpc-stub/1.37.0/grpc-stub-1.37.0.jar:/Users/haritha/.m2/repository/javax/annotation/javax.annotation-api/1.3.2/javax.annotation-api-1.3.2.jar:/Users/haritha/.m2/repository/org/assertj/assertj-core/3.10.0/assertj-core-3.10.0.jar:/Users/haritha/.m2/repository/org/seleniumhq/selenium/selenium-java/3.12.0/selenium-java-3.12.0.jar:/Users/haritha/.m2/repository/org/seleniumhq/selenium/selenium-api/3.12.0/selenium-api-3.12.0.jar:/Users/haritha/.m2/repository/org/seleniumhq/selenium/selenium-chrome-driver/3.12.0/selenium-chrome-driver-3.12.0.jar:/Users/haritha/.m2/repository/org/seleniumhq/selenium/selenium-edge-driver/3.12.0/selenium-edge-driver-3.12.0.jar:/Users/haritha/.m2/repository/org/seleniumhq/selenium/selenium-firefox-driver/3.12.0/selenium-firefox-driver-3.12.0.jar:/Users/haritha/.m2/repository/org/seleniumhq/selenium/selenium-ie-driver/3.12.0/selenium-ie-driver-3.12.0.jar:/Users/haritha/.m2/repository/org/seleniumhq/selenium/selenium-opera-driver/3.12.0/selenium-opera-driver-3.12.0.jar:/Users/haritha/.m2/repository/org/seleniumhq/selenium/selenium-remote-driver/3.12.0/selenium-remote-driver-3.12.0.jar:/Users/haritha/.m2/repository/org/seleniumhq/selenium/selenium-safari-driver/3.12.0/selenium-safari-driver-3.12.0.jar:/Users/haritha/.m2/repository/org/seleniumhq/selenium/selenium-support/3.12.0/selenium-support-3.12.0.jar:/Users/haritha/.m2/repository/net/bytebuddy/byte-buddy/1.8.3/byte-buddy-1.8.3.jar:/Users/haritha/.m2/repository/org/apache/commons/commons-exec/1.3/commons-exec-1.3.jar:/Users/haritha/.m2/repository/commons-codec/commons-codec/1.10/commons-codec-1.10.jar:/Users/haritha/.m2/repository/commons-logging/commons-logging/1.2/commons-logging-1.2.jar:/Users/haritha/.m2/repository/com/google/code/gson/gson/2.8.2/gson-2.8.2.jar:/Users/haritha/.m2/repository/org/apache/httpcomponents/httpclient/4.5.3/httpclient-4.5.3.jar:/Users/haritha/.m2/repository/org/apache/httpcomponents/httpcore/4.4.6/httpcore-4.4.6.jar:/Users/haritha/.m2/repository/com/squareup/okhttp3/okhttp/3.9.1/okhttp-3.9.1.jar:/Users/haritha/.m2/repository/com/squareup/okio/okio/1.13.0/okio-1.13.0.jar:/Users/haritha/.m2/repository/io/github/bonigarcia/webdrivermanager/3.7.1/webdrivermanager-3.7.1.jar:/Users/haritha/.m2/repository/org/slf4j/slf4j-api/1.7.25/slf4j-api-1.7.25.jar:/Users/haritha/.m2/repository/org/apache/commons/commons-lang3/3.8.1/commons-lang3-3.8.1.jar:/Users/haritha/.m2/repository/org/rauschig/jarchivelib/1.0.0/jarchivelib-1.0.0.jar:/Users/haritha/.m2/repository/org/apache/commons/commons-compress/1.18/commons-compress-1.18.jar:/Users/haritha/.m2/repository/org/jsoup/jsoup/1.11.3/jsoup-1.11.3.jar:/Users/haritha/.m2/repository/org/reflections/reflections/0.9.10/reflections-0.9.10.jar:/Users/haritha/.m2/repository/org/javassist/javassist/3.19.0-GA/javassist-3.19.0-GA.jar:/Users/haritha/.m2/repository/com/google/code/findbugs/annotations/2.0.1/annotations-2.0.1.jar
25-11-2021 16:27:43.334 [java] [DEBUG] found java executable in /Users/haritha/Library/Java/JavaVirtualMachines/openjdk-17.0.1/Contents/Home/bin/java
25-11-2021 16:27:43.334 [java] [DEBUG] running - /Users/haritha/Library/Java/JavaVirtualMachines/openjdk-17.0.1/Contents/Home/bin/java [-Dfile.encoding=UTF-8 com.thoughtworks.gauge.GaugeRuntime --start]
25-11-2021 16:27:43.334 [java] [DEBUG] stdout/stderr is logged to logs/51007-java.out
25-11-2021 16:27:43.637 [java] [DEBUG] multithreading is set to false
25-11-2021 16:27:43.827 [Gauge] [DEBUG] Checking updates...
25-11-2021 16:27:43.827 [Gauge] [DEBUG] Downloading https://downloads.gauge.org/plugin/html-report?l=java&p=html-report,java,screenshot&o=darwin&a=amd64
25-11-2021 16:27:44.443 [java] [DEBUG] Using reflection to scan dependencies for gauge implementations...
25-11-2021 16:27:44.455 [Gauge] [DEBUG] Downloading https://downloads.gauge.org/plugin/java?l=java&p=html-report,java,screenshot&o=darwin&a=amd64
25-11-2021 16:27:44.575 [Gauge] [DEBUG] Downloading https://downloads.gauge.org/plugin/screenshot?l=java&p=html-report,java,screenshot&o=darwin&a=amd64
25-11-2021 16:27:44.839 [java] [ERROR] SLF4J: Failed to load class "org.slf4j.impl.StaticLoggerBinder".
25-11-2021 16:27:44.839 [java] [ERROR] SLF4J: Defaulting to no-operation (NOP) logger implementation
25-11-2021 16:27:44.839 [java] [ERROR] SLF4J: See http://www.slf4j.org/codes.html#StaticLoggerBinder for further details.
25-11-2021 16:27:45.725 [java] [DEBUG] gauge-java took 2088milliseconds to load and scan. This should be less than 'runner_connection_timeout' config value.
25-11-2021 16:27:45.725 [java] [DEBUG] run 'gauge config runner_connection_timeout' and verify that it is < 2088
25-11-2021 16:27:45.726 [java] [DEBUG] starting gRPC server...
25-11-2021 16:27:46.089 [java] [DEBUG] started gRPC server on port 58211
25-11-2021 16:27:46.090 [Gauge] [DEBUG] Attempting to connect to grpc server at port: 58211
25-11-2021 16:27:46.324 [Gauge] [DEBUG] Successfully made the connection with runner with port: 58211
25-11-2021 16:27:46.324 [Gauge] [DEBUG] Validation started.
25-11-2021 16:27:49.339 [java] [DEBUG] Scanning packages for steps
25-11-2021 16:27:49.393 [java] [DEBUG] Comparing 'org.example.StepImplementation.ensureInstallationInstructionsAreAvailable' and 'org.example.StepImplementation.ensureInstallationInstructionsAreAvailable'
25-11-2021 16:27:49.393 [java] [DEBUG] Found Ensure installation instructions are available in current project scope.
25-11-2021 16:27:49.394 [java] [DEBUG] Comparing 'org.example.StepImplementation.gotoGetStartedPage' and 'org.example.StepImplementation.gotoGetStartedPage'
25-11-2021 16:27:49.447 [java] [DEBUG] Found Go to Gauge Get Started Page in current project scope.
25-11-2021 16:27:49.448 [java] [DEBUG] Comparing 'org.example.StepImplementation.implementation1' and 'org.example.StepImplementation.implementation1'
25-11-2021 16:27:49.448 [java] [DEBUG] Found Open the Gauge homepage in current project scope.
25-11-2021 16:27:49.450 [java] [DEBUG] Scanning packages for hooks
25-11-2021 16:27:49.464 [java] [DEBUG] Scanned steps (using static parsing + reflections): 
25-11-2021 16:27:49.465 [java] [DEBUG] 	Open the Gauge homepage : public void implementation1()
25-11-2021 16:27:49.466 [java] [DEBUG] 	Go to Gauge Get Started Page : public void gotoGetStartedPage() throws InterruptedException
25-11-2021 16:27:49.466 [java] [DEBUG] 	Ensure installation instructions are available : public void ensureInstallationInstructionsAreAvailable() throws InterruptedException
25-11-2021 16:27:52.379 [Gauge] [DEBUG] Validation completed.
25-11-2021 16:27:52.379 [Gauge] [DEBUG] Run started
25-11-2021 16:27:52.380 [Gauge] [DEBUG] Starting Html Report plugin
25-11-2021 16:27:52.422 [Gauge] [DEBUG] Attempting to connect to grpc server at port: 58216
25-11-2021 16:27:52.431 [Gauge] [DEBUG] Successfully made the connection with plugin with port: 58216
25-11-2021 16:27:52.431 [Gauge] [DEBUG] Initialising suite data store.
25-11-2021 16:27:53.346 [java] [ERROR] Starting ChromeDriver 96.0.4664.45 (76e4c1bb2ab4671b8beba3444e61c0f17584b2fc-refs/branch-heads/4664@{#947}) on port 10078
25-11-2021 16:27:53.346 [java] [ERROR] Only local connections are allowed.
25-11-2021 16:27:53.347 [java] [ERROR] Please see https://chromedriver.chromium.org/security-considerations for suggestions on keeping ChromeDriver safe.
25-11-2021 16:27:53.355 [java] [ERROR] ChromeDriver was started successfully.
25-11-2021 16:27:55.719 [java] [ERROR] Nov 25, 2021 4:27:55 PM org.openqa.selenium.remote.ProtocolHandshake createSession
25-11-2021 16:27:55.719 [java] [ERROR] INFO: Detected dialect: W3C
25-11-2021 16:27:55.783 [java] [DEBUG] Executing 'Open the Gauge homepage' using 'class org.example.StepImplementation.implementation1
25-11-2021 16:27:57.250 [java] [DEBUG] Executing 'Open the Gauge homepage' using 'class org.example.StepImplementation.implementation1
25-11-2021 16:27:57.632 [java] [DEBUG] Executing 'Go to Gauge Get Started Page' using 'class org.example.StepImplementation.gotoGetStartedPage
25-11-2021 16:27:59.197 [java] [DEBUG] Executing 'Ensure installation instructions are available' using 'class org.example.StepImplementation.ensureInstallationInstructionsAreAvailable
25-11-2021 16:27:59.426 [html-report] [DEBUG] Transformed SuiteResult to report structure
25-11-2021 16:27:59.465 [Gauge] [DEBUG] Sending kill message to Html Report plugin.
25-11-2021 16:27:59.465 [html-report] [INFO] Successfully generated html-report to => /Users/haritha/IdeaProjects/GaugeDemo/reports/html-report/index.html
25-11-2021 16:27:59.465 [html-report] [DEBUG] Done generating HTML report using theme from /Users/haritha/.gauge/plugins/html-report/4.1.2/themes/default
25-11-2021 16:27:59.467 [java] [DEBUG] Killing Java runner...
25-11-2021 16:27:59.471 [java] [DEBUG] Stopping execution pool...
25-11-2021 16:27:59.471 [java] [DEBUG] Shutting down grpc server...
25-11-2021 16:27:59.482 [java] [DEBUG] Runner killed gracefully.
25-11-2021 16:27:59.886 [Gauge] [DEBUG] Runner with PID:51007 has exited
25-11-2021 16:27:59.886 [Gauge] [INFO] Specifications:	1 executed	1 passed	0 failed	0 skipped
25-11-2021 16:27:59.886 [Gauge] [INFO] Scenarios:	1 executed	1 passed	0 failed	0 skipped
25-11-2021 16:27:59.886 [Gauge] [INFO] 
Total time taken: 7.045s
